c:\github\cis_269_projects\week_4\bankprogram\bankprogram\x64\debug\vc143.pdb
c:\github\cis_269_projects\week_4\bankprogram\bankprogram\x64\debug\vc143.idb
c:\github\cis_269_projects\week_4\bankprogram\bankprogram\x64\debug\servicechargechecking.obj
c:\github\cis_269_projects\week_4\bankprogram\bankprogram\x64\debug\savingsaccount.obj
c:\github\cis_269_projects\week_4\bankprogram\bankprogram\x64\debug\noservicechargechecking.obj
c:\github\cis_269_projects\week_4\bankprogram\bankprogram\x64\debug\highinterestsavings.obj
c:\github\cis_269_projects\week_4\bankprogram\bankprogram\x64\debug\highinterestchecking.obj
c:\github\cis_269_projects\week_4\bankprogram\bankprogram\x64\debug\checkingaccount.obj
c:\github\cis_269_projects\week_4\bankprogram\bankprogram\x64\debug\certificateofdeposit.obj
c:\github\cis_269_projects\week_4\bankprogram\bankprogram\x64\debug\bankprogram.obj
c:\github\cis_269_projects\week_4\bankprogram\bankprogram\x64\debug\bankaccount.obj
c:\github\cis_269_projects\week_4\bankprogram\x64\debug\bankprogram.pdb
c:\github\cis_269_projects\week_4\bankprogram\bankprogram\x64\debug\bankprogram.tlog\cl.command.1.tlog
c:\github\cis_269_projects\week_4\bankprogram\bankprogram\x64\debug\bankprogram.tlog\cl.read.1.tlog
c:\github\cis_269_projects\week_4\bankprogram\bankprogram\x64\debug\bankprogram.tlog\cl.write.1.tlog
c:\github\cis_269_projects\week_4\bankprogram\bankprogram\x64\debug\bankprogram.tlog\link-cvtres.read.1.tlog
c:\github\cis_269_projects\week_4\bankprogram\bankprogram\x64\debug\bankprogram.tlog\link-cvtres.write.1.tlog
c:\github\cis_269_projects\week_4\bankprogram\bankprogram\x64\debug\bankprogram.tlog\link-rc.read.1.tlog
c:\github\cis_269_projects\week_4\bankprogram\bankprogram\x64\debug\bankprogram.tlog\link-rc.write.1.tlog
c:\github\cis_269_projects\week_4\bankprogram\bankprogram\x64\debug\bankprogram.tlog\link.command.1.tlog
c:\github\cis_269_projects\week_4\bankprogram\bankprogram\x64\debug\bankprogram.tlog\link.read.1.tlog
c:\github\cis_269_projects\week_4\bankprogram\bankprogram\x64\debug\bankprogram.tlog\link.read.2.tlog
c:\github\cis_269_projects\week_4\bankprogram\bankprogram\x64\debug\bankprogram.tlog\link.read.3.tlog
c:\github\cis_269_projects\week_4\bankprogram\bankprogram\x64\debug\bankprogram.tlog\link.read.4.tlog
c:\github\cis_269_projects\week_4\bankprogram\bankprogram\x64\debug\bankprogram.tlog\link.read.5.tlog
c:\github\cis_269_projects\week_4\bankprogram\bankprogram\x64\debug\bankprogram.tlog\link.write.1.tlog
